<?xml version="1.0" encoding="UTF-8"?>
<testsuite xmlns:xsi="http://www.w3.org/2001/XMLSchema-instance" xsi:noNamespaceSchemaLocation="https://maven.apache.org/surefire/maven-surefire-plugin/xsd/surefire-test-report.xsd" name="edu.pdx.cs410J.sbraich.MessagesTest" time="0.003" tests="5" errors="0" skipped="0" failures="0">
  <properties>
    <property name="sun.desktop" value="gnome"/>
    <property name="awt.toolkit" value="sun.awt.X11.XToolkit"/>
    <property name="java.specification.version" value="10"/>
    <property name="file.encoding.pkg" value="sun.io"/>
    <property name="sun.cpu.isalist" value=""/>
    <property name="sun.jnu.encoding" value="UTF-8"/>
    <property name="java.class.path" value="/home/steve/workspace_psu/cs510j/phonebill/target/test-classes:/home/steve/workspace_psu/cs510j/phonebill/target/classes:/home/steve/.m2/repository/junit/junit/4.12/junit-4.12.jar:/home/steve/.m2/repository/org/hamcrest/hamcrest-core/1.3/hamcrest-core-1.3.jar:/home/steve/.m2/repository/org/hamcrest/hamcrest-library/1.3/hamcrest-library-1.3.jar:/home/steve/.m2/repository/org/mockito/mockito-core/2.18.3/mockito-core-2.18.3.jar:/home/steve/.m2/repository/net/bytebuddy/byte-buddy/1.8.5/byte-buddy-1.8.5.jar:/home/steve/.m2/repository/net/bytebuddy/byte-buddy-agent/1.8.5/byte-buddy-agent-1.8.5.jar:/home/steve/.m2/repository/org/objenesis/objenesis/2.6/objenesis-2.6.jar:/home/steve/.m2/repository/edu/pdx/cs410J/projects/Summer2018/projects-Summer2018.jar:/home/steve/.m2/repository/edu/pdx/cs410J/examples/Summer2018/examples-Summer2018.jar:/home/steve/.m2/repository/edu/pdx/cs410J/family/Summer2018/family-Summer2018.jar:/home/steve/.m2/repository/javax/mail/javax.mail-api/1.6.1/javax.mail-api-1.6.1.jar:/home/steve/.m2/repository/javax/activation/activation/1.1/activation-1.1.jar:/home/steve/.m2/repository/com/google/inject/guice/4.2.0/guice-4.2.0.jar:/home/steve/.m2/repository/javax/inject/javax.inject/1/javax.inject-1.jar:/home/steve/.m2/repository/aopalliance/aopalliance/1.0/aopalliance-1.0.jar:/home/steve/.m2/repository/com/google/guava/guava/23.6-android/guava-23.6-android.jar:/home/steve/.m2/repository/com/google/code/findbugs/jsr305/1.3.9/jsr305-1.3.9.jar:/home/steve/.m2/repository/org/checkerframework/checker-compat-qual/2.0.0/checker-compat-qual-2.0.0.jar:/home/steve/.m2/repository/com/google/errorprone/error_prone_annotations/2.1.3/error_prone_annotations-2.1.3.jar:/home/steve/.m2/repository/com/google/j2objc/j2objc-annotations/1.1/j2objc-annotations-1.1.jar:/home/steve/.m2/repository/org/codehaus/mojo/animal-sniffer-annotations/1.14/animal-sniffer-annotations-1.14.jar:/home/steve/.m2/repository/org/codehaus/groovy/groovy-all/2.4.10/groovy-all-2.4.10.jar:/home/steve/.m2/repository/edu/pdx/cs410J/projects/Summer2018/projects-Summer2018-tests.jar:/home/steve/.m2/repository/javax/servlet/javax.servlet-api/4.0.1/javax.servlet-api-4.0.1.jar:"/>
    <property name="java.vm.vendor" value="&quot;Oracle Corporation&quot;"/>
    <property name="sun.arch.data.model" value="64"/>
    <property name="java.vendor.url" value="http://java.oracle.com/"/>
    <property name="user.timezone" value=""/>
    <property name="java.vm.specification.version" value="10"/>
    <property name="os.name" value="Linux"/>
    <property name="sun.java.launcher" value="SUN_STANDARD"/>
    <property name="user.country" value="US"/>
    <property name="sun.boot.library.path" value="/usr/lib/jvm/java-10-oracle/lib"/>
    <property name="sun.java.command" value="/home/steve/workspace_psu/cs510j/phonebill/target/surefire/surefirebooter9405984491600779185.jar /home/steve/workspace_psu/cs510j/phonebill/target/surefire 2018-08-13T05-18-36_890-jvmRun1 surefire2789412192348991329tmp surefire_017575518809149965491tmp"/>
    <property name="jdk.debug" value="release"/>
    <property name="surefire.test.class.path" value="/home/steve/workspace_psu/cs510j/phonebill/target/test-classes:/home/steve/workspace_psu/cs510j/phonebill/target/classes:/home/steve/.m2/repository/junit/junit/4.12/junit-4.12.jar:/home/steve/.m2/repository/org/hamcrest/hamcrest-core/1.3/hamcrest-core-1.3.jar:/home/steve/.m2/repository/org/hamcrest/hamcrest-library/1.3/hamcrest-library-1.3.jar:/home/steve/.m2/repository/org/mockito/mockito-core/2.18.3/mockito-core-2.18.3.jar:/home/steve/.m2/repository/net/bytebuddy/byte-buddy/1.8.5/byte-buddy-1.8.5.jar:/home/steve/.m2/repository/net/bytebuddy/byte-buddy-agent/1.8.5/byte-buddy-agent-1.8.5.jar:/home/steve/.m2/repository/org/objenesis/objenesis/2.6/objenesis-2.6.jar:/home/steve/.m2/repository/edu/pdx/cs410J/projects/Summer2018/projects-Summer2018.jar:/home/steve/.m2/repository/edu/pdx/cs410J/examples/Summer2018/examples-Summer2018.jar:/home/steve/.m2/repository/edu/pdx/cs410J/family/Summer2018/family-Summer2018.jar:/home/steve/.m2/repository/javax/mail/javax.mail-api/1.6.1/javax.mail-api-1.6.1.jar:/home/steve/.m2/repository/javax/activation/activation/1.1/activation-1.1.jar:/home/steve/.m2/repository/com/google/inject/guice/4.2.0/guice-4.2.0.jar:/home/steve/.m2/repository/javax/inject/javax.inject/1/javax.inject-1.jar:/home/steve/.m2/repository/aopalliance/aopalliance/1.0/aopalliance-1.0.jar:/home/steve/.m2/repository/com/google/guava/guava/23.6-android/guava-23.6-android.jar:/home/steve/.m2/repository/com/google/code/findbugs/jsr305/1.3.9/jsr305-1.3.9.jar:/home/steve/.m2/repository/org/checkerframework/checker-compat-qual/2.0.0/checker-compat-qual-2.0.0.jar:/home/steve/.m2/repository/com/google/errorprone/error_prone_annotations/2.1.3/error_prone_annotations-2.1.3.jar:/home/steve/.m2/repository/com/google/j2objc/j2objc-annotations/1.1/j2objc-annotations-1.1.jar:/home/steve/.m2/repository/org/codehaus/mojo/animal-sniffer-annotations/1.14/animal-sniffer-annotations-1.14.jar:/home/steve/.m2/repository/org/codehaus/groovy/groovy-all/2.4.10/groovy-all-2.4.10.jar:/home/steve/.m2/repository/edu/pdx/cs410J/projects/Summer2018/projects-Summer2018-tests.jar:/home/steve/.m2/repository/javax/servlet/javax.servlet-api/4.0.1/javax.servlet-api-4.0.1.jar:"/>
    <property name="sun.cpu.endian" value="little"/>
    <property name="user.home" value="/home/steve"/>
    <property name="user.language" value="en"/>
    <property name="java.specification.vendor" value="Oracle Corporation"/>
    <property name="java.version.date" value="2018-04-17"/>
    <property name="java.home" value="/usr/lib/jvm/java-10-oracle"/>
    <property name="file.separator" value="/"/>
    <property name="basedir" value="/home/steve/workspace_psu/cs510j/phonebill"/>
    <property name="java.vm.compressedOopsMode" value="32-bit"/>
    <property name="line.separator" value="&#10;"/>
    <property name="java.specification.name" value="Java Platform API Specification"/>
    <property name="java.vm.specification.vendor" value="Oracle Corporation"/>
    <property name="java.awt.graphicsenv" value="sun.awt.X11GraphicsEnvironment"/>
    <property name="surefire.real.class.path" value="/home/steve/workspace_psu/cs510j/phonebill/target/surefire/surefirebooter9405984491600779185.jar"/>
    <property name="sun.management.compiler" value="HotSpot 64-Bit Tiered Compilers"/>
    <property name="java.runtime.version" value="10.0.1+10"/>
    <property name="user.name" value="steve"/>
    <property name="path.separator" value=":"/>
    <property name="os.version" value="4.2.0-27-generic"/>
    <property name="java.runtime.name" value="Java(TM) SE Runtime Environment"/>
    <property name="file.encoding" value="UTF-8"/>
    <property name="java.vm.name" value="Java HotSpot(TM) 64-Bit Server VM"/>
    <property name="java.vendor.version" value="18.3"/>
    <property name="localRepository" value="/home/steve/.m2/repository"/>
    <property name="java.vendor.url.bug" value="http://bugreport.java.com/bugreport/"/>
    <property name="java.io.tmpdir" value="/tmp"/>
    <property name="java.version" value="10.0.1"/>
    <property name="user.dir" value="/home/steve/workspace_psu/cs510j/phonebill"/>
    <property name="os.arch" value="amd64"/>
    <property name="java.vm.specification.name" value="Java Virtual Machine Specification"/>
    <property name="java.awt.printerjob" value="sun.print.PSPrinterJob"/>
    <property name="sun.os.patch.level" value="unknown"/>
    <property name="java.library.path" value="/usr/java/packages/lib:/usr/lib64:/lib64:/lib:/usr/lib"/>
    <property name="java.vendor" value="Oracle Corporation"/>
    <property name="java.vm.info" value="mixed mode"/>
    <property name="java.vm.version" value="10.0.1+10"/>
    <property name="sun.io.unicode.encoding" value="UnicodeLittle"/>
    <property name="java.class.version" value="54.0"/>
  </properties>
  <testcase name="nullDefinitionIsParsedAsNull" classname="edu.pdx.cs410J.sbraich.MessagesTest" time="0.001"/>
  <testcase name="malformedWordAndDefinitionReturnsNull" classname="edu.pdx.cs410J.sbraich.MessagesTest" time="0"/>
  <testcase name="canParseFormattedDictionary" classname="edu.pdx.cs410J.sbraich.MessagesTest" time="0"/>
  <testcase name="canParseFormattedDictionaryEntryWithoutLeadingSpaces" classname="edu.pdx.cs410J.sbraich.MessagesTest" time="0"/>
  <testcase name="canParseFormattedDictionaryEntryPair" classname="edu.pdx.cs410J.sbraich.MessagesTest" time="0"/>
</testsuite>